{"message":"Unauthorized request to path: /","level":"error"}
{"message":"Unauthorized request to path: /","level":"error"}
{"message":"Unauthorized request to path: /","level":"error"}
{"message":"Bookmark with id 1 not found","level":"error"}
{"message":"Bookmark with id 15 not found","level":"error"}
{"message":"Rating is required","level":"error"}
{"message":"Bookmark with id cd4e4931-3a4a-40fa-bd46-2aef1011b599 has been created","level":"info"}
{"message":"Card with id cd4e4931-3a4a-40fa-bd46-2aef1011b599 deleted","level":"info"}
{"message":"Bookmark with id 2 not found","level":"error"}
{"message":"Bookmark with id 2 not found","level":"error"}
{"message":"Bookmark with id 5 not found","level":"error"}
{"message":"Bookmark with id 6 not found","level":"error"}
{"message":"Bookmark with id 7 not found","level":"error"}
{"message":"Bookmark with id 7 not found","level":"error"}
{"message":"Bookmark with id 7 not found","level":"error"}
{"message":"Bookmark with id 7 not found","level":"error"}
{"message":"Bookmark with id 7 not found","level":"error"}
{"message":"Bookmark with id 7 not found","level":"error"}
{"message":"Bookmark with id 7 not found","level":"error"}
{"message":"Bookmark with id 1 not found","level":"error"}
{"message":"Bookmark with id 7 not found","level":"error"}
{"message":"Bookmark with id 7 not found","level":"error"}
{"message":"Bookmark with id 739a4544-c342-4658-9af1-20825928a8eb has been created","level":"info"}
{"message":"Bookmark with id 7 not found","level":"error"}
{"message":"Bookmark with id bb53eddc-95cc-4814-9eb1-a3e8e97e6d19 has been created","level":"info"}
{"message":"Bookmark with id 7 not found","level":"error"}
{"message":"Bookmark with id e2d7ae40-e170-4aa4-bac8-e25db79efd8e has been created","level":"info"}
{"message":"Bookmark with id 7 not found","level":"error"}
{"message":"Bookmark with id 7d983740-7899-4b39-a270-85ab27841712 has been created","level":"info"}
{"message":"Bookmark with id 7 not found","level":"error"}
{"message":"Bookmark with id 0e3c9b94-4234-47a1-be33-1dce4cffe5d5 has been created","level":"info"}
{"message":"Bookmark with id 7 not found","level":"error"}
{"message":"Bookmark with id 52a4a579-e480-4486-9721-eb3eefc8935d has been created","level":"info"}
{"message":"Bookmark with id 7 not found","level":"error"}
{"message":"Bookmark with id 8012616b-181e-489b-aef2-b9eea984f737 has been created","level":"info"}
{"message":"Bookmark with id 7 not found","level":"error"}
{"message":"Bookmark with id f7ffa82b-6c19-413e-a3cb-779f96370854 has been created","level":"info"}
{"message":"Bookmark with id 7 not found","level":"error"}
{"message":"Bookmark with id 53b0897c-14f2-45ad-b585-c1c3ca73ea37 has been created","level":"info"}
{"message":"Bookmark with id 7 not found","level":"error"}
{"message":"Bookmark with id f93c3e0d-7fcf-4c04-846e-a5eaae6e13a5 has been created","level":"info"}
{"message":"Bookmark with id 7 not found","level":"error"}
{"message":"Bookmark with id f00e340b-23f5-4330-a297-ebc3ac3fe92a has been created","level":"info"}
{"message":"Bookmark with id 7 not found","level":"error"}
{"message":"Bookmark with id e0c88628-b7e7-47f9-8cf0-84a6681dc1f5 has been created","level":"info"}
{"message":"Bookmark with id 7 not found","level":"error"}
{"message":"Bookmark with id 7 not found","level":"error"}
{"message":"Bookmark with id 7 not found","level":"error"}
{"message":"Bookmark with id 7 not found","level":"error"}
{"message":"Bookmark with id 7 not found","level":"error"}
{"message":"Bookmark with id 7 not found","level":"error"}
{"message":"Bookmark with id 7 not found","level":"error"}
{"message":"Bookmark with id 7 not found","level":"error"}
{"message":"Bookmark with id 7 not found","level":"error"}
{"message":"Bookmark with id 7 not found","level":"error"}
{"message":"Bookmark with id 7 not found","level":"error"}
{"message":"Bookmark with id 7 not found","level":"error"}
{"message":"Bookmark with id 7 not found","level":"error"}
{"message":"Bookmark with id 7 not found","level":"error"}
{"message":"Bookmark with id 7 not found","level":"error"}
{"message":"Bookmark with id 7 not found","level":"error"}
{"message":"Bookmark with id 7 not found","level":"error"}
{"message":"Bookmark with id 7 not found","level":"error"}
{"message":"Bookmark with id 7 not found","level":"error"}
{"message":"Bookmark with id 7 not found","level":"error"}
{"message":"Bookmark with id 7 not found","level":"error"}
{"message":"Bookmark with id 7 not found","level":"error"}
{"message":"Bookmark with id 7 not found","level":"error"}
{"message":"Bookmark with id 7 not found","level":"error"}
{"message":"Bookmark with id 7 not found","level":"error"}
{"message":"Bookmark with id 7 not found","level":"error"}
{"message":"Bookmark with id 7 not found","level":"error"}
{"message":"Bookmark with id 7 not found","level":"error"}
{"message":"Bookmark with id 7 not found","level":"error"}
{"message":"Bookmark with id 7 not found","level":"error"}
{"message":"Bookmark with id 7 not found","level":"error"}
{"message":"Bookmark with id 7 not found","level":"error"}
{"message":"Bookmark with id 7 not found","level":"error"}
{"message":"Bookmark with id 7 not found","level":"error"}
{"message":"Card with id 2 deleted","level":"info"}
{"message":"Bookmark with id 7 not found","level":"error"}
{"message":"Card with id 20 deleted","level":"info"}
{"message":"Bookmark with id 7 not found","level":"error"}
{"message":"Card with id 200 deleted","level":"info"}
{"message":"Bookmark with id 7 not found","level":"error"}
{"message":"Bookmark with id 7 not found","level":"error"}
{"message":"Bookmark with id 7 not found","level":"error"}
{"message":"Bookmark with id 7 not found","level":"error"}
{"message":"Bookmark with id 7 not found","level":"error"}
{"message":"Bookmark with id 7 not found","level":"error"}
{"message":"Bookmark with id 7 not found","level":"error"}
{"message":"Bookmark with id 7 not found","level":"error"}
{"message":"Bookmark with id 7 not found","level":"error"}
{"message":"Bookmark with id 7 not found","level":"error"}
{"message":"Bookmark with id 7 not found","level":"error"}
{"message":"Bookmark with id 7 not found","level":"error"}
{"message":"Bookmark with id 7 not found","level":"error"}
{"message":"Bookmark with id 7 not found","level":"error"}
{"message":"Bookmark with id 7 not found","level":"error"}
{"message":"Bookmark with id 7 not found","level":"error"}
{"message":"Bookmark with id 7 not found","level":"error"}
{"message":"Bookmark with id 7 not found","level":"error"}
{"message":"Bookmark with id 7 not found","level":"error"}
{"message":"Bookmark with id 7 not found","level":"error"}
{"message":"Bookmark with id 7 not found","level":"error"}
{"message":"Bookmark with id 7 not found","level":"error"}
{"message":"Bookmark with id 7 not found","level":"error"}
{"message":"Bookmark with id 7 not found","level":"error"}
{"message":"Bookmark with id 7 not found","level":"error"}
{"message":"Bookmark with id 7 not found","level":"error"}
{"message":"Bookmark with id 7 not found","level":"error"}
{"message":"Bookmark with id 7 not found","level":"error"}
{"message":"Bookmark with id 7 not found","level":"error"}
{"message":"Bookmark with id 7 not found","level":"error"}
{"message":"Bookmark with id 7 not found","level":"error"}
{"message":"Bookmark with id 7 not found","level":"error"}
{"message":"Bookmark with id 7 not found","level":"error"}
{"message":"Bookmark with id 7 not found","level":"error"}
